\BOOKMARK [1][-]{section.1}{Grundlagen}{}% 1
\BOOKMARK [2][-]{subsection.1.1}{H\344ufigkeitsverteilungen}{section.1}% 2
\BOOKMARK [2][-]{subsection.1.2}{Verschiedene Diagrammtypen}{section.1}% 3
\BOOKMARK [2][-]{subsection.1.3}{Ma\337zahlen zur Beschreibung der Lage einer Verteilung}{section.1}% 4
\BOOKMARK [1][-]{section.2}{Streuung und Konzentration}{}% 5
\BOOKMARK [1][-]{section.3}{Wahrscheinlichkeitstheorie}{}% 6
\BOOKMARK [2][-]{subsection.3.1}{Rechenbeispiele}{section.3}% 7
\BOOKMARK [3][-]{subsubsection.3.1.1}{Paarbildung}{subsection.3.1}% 8
\BOOKMARK [3][-]{subsubsection.3.1.2}{Sortierung}{subsection.3.1}% 9
\BOOKMARK [3][-]{subsubsection.3.1.3}{Satz von Bayes - HIV-Test}{subsection.3.1}% 10
\BOOKMARK [3][-]{subsubsection.3.1.4}{Elemente aus einer Menge nehmen}{subsection.3.1}% 11
\BOOKMARK [1][-]{section.4}{Diskrete Zufallsvariablen}{}% 12
\BOOKMARK [2][-]{subsection.4.1}{Verteilungsfunktionen}{section.4}% 13
\BOOKMARK [3][-]{subsubsection.4.1.1}{Bernoulli-Verteilung}{subsection.4.1}% 14
\BOOKMARK [3][-]{subsubsection.4.1.2}{Binomialverteilung}{subsection.4.1}% 15
\BOOKMARK [3][-]{subsubsection.4.1.3}{Diskrete Gleichverteilung}{subsection.4.1}% 16
\BOOKMARK [3][-]{subsubsection.4.1.4}{Geometrische Verteilung}{subsection.4.1}% 17
\BOOKMARK [3][-]{subsubsection.4.1.5}{Hypergeometrische Verteilung}{subsection.4.1}% 18
\BOOKMARK [3][-]{subsubsection.4.1.6}{Poisson-Verteilung}{subsection.4.1}% 19
\BOOKMARK [1][-]{section.5}{Stetige Zufallsvariablen}{}% 20
\BOOKMARK [2][-]{subsection.5.1}{Normalverteilung}{section.5}% 21
\BOOKMARK [3][-]{subsubsection.5.1.1}{Rechenbeispiel - Normalverteilung}{subsection.5.1}% 22
\BOOKMARK [1][-]{section.6}{title}{}% 23
